<?xml version="1.0" encoding="UTF-8"?>
<!-- Generated by org.testng.reporters.JUnitReportReporter -->
<testsuite hostname="LAPTOP-9BCST1P8" failures="0" tests="6" name="newpackage.Chrome" time="5.798" errors="0" timestamp="2023-01-19T19:39:01 GMT-05:00" skipped="0">
  <testcase classname="newpackage.Chrome" name="loadamazonwebpage" time="2.435"/>
  <system-out>
    <![CDATA[Step-1: Go to amazon.ca
The amazon.ca webpage was opened successfully.]]>
  </system-out>
  <testcase classname="newpackage.Chrome" name="hamburgermenu" time="0.546"/>
  <system-out>
    <![CDATA[Step-2: Click on hamburger menu (top left corner)
The hamburger menu was clicked successfully.]]>
  </system-out>
  <testcase classname="newpackage.Chrome" name="kindle_digitalcontent" time="0.176"/>
  <system-out>
    <![CDATA[Step-3: Select Kindle under Digital Content and Devices
Kindle was selected under Digital Content and devices.]]>
  </system-out>
  <testcase classname="newpackage.Chrome" name="kindle_under_ereader" time="0.371"/>
  <system-out>
    <![CDATA[Step-4: Click Kindle under Kindle E-Reader
Kindle option was selected under kindle e-reader section successfully.]]>
  </system-out>
  <testcase classname="newpackage.Chrome" name="buynow" time="1.221"/>
  <system-out>
    <![CDATA[Step-5: Click Buy Now
Buy Now option was clicked successfully from the kindle product page.]]>
  </system-out>
  <testcase classname="newpackage.Chrome" name="usersignin" time="1.049"/>
  <system-out>
    <![CDATA[Step-6: Verify User is asked for email or mobile number
The User is asked for email or mobile number after clicking on 'buy now' button]]>
  </system-out>
</testsuite> <!-- newpackage.Chrome -->
